<?xml version="1.0" encoding="UTF-8"?>
<!-- Generated by org.testng.reporters.JUnitXMLReporter -->
<testsuite ignored="0" hostname="QTX-LTP-3088" failures="0" tests="3" name="Default test" time="35.045" errors="0" timestamp="2022-11-21T13:18:48 IST">
  <testcase classname="com.epicLoginTest.DatePickerDemo" name="FirstServDate" time="3.21"/>
  <testcase classname="com.epicLoginTest.DatePickerDemo" name="tripDetails1" time="0.614"/>
  <testcase classname="com.epicLoginTest.DatePickerDemo" name="checkAddCPT" time="14.286"/>
</testsuite> <!-- Default test -->
