<?xml version="1.0" encoding="UTF-8"?>
<!-- Generated by org.testng.reporters.JUnitXMLReporter -->
<testsuite ignored="0" hostname="QTX-LTP-3088" failures="0" tests="1" name="InvalidTest" time="0.064" errors="0" timestamp="2022-11-07T11:53:50 IST">
  <testcase classname="com.epicLoginTest.EpicInvalidLoginTest" name="@BeforeClass Setup" time="0.011">
    <failure type="java.lang.NullPointerException" message="Cannot invoke &amp;quot;org.openqa.selenium.WebDriver.manage()&amp;quot; because &amp;quot;this.driver&amp;quot; is null">
      <![CDATA[java.lang.NullPointerException: Cannot invoke "org.openqa.selenium.WebDriver.manage()" because "this.driver" is null
at com.epicLoginTest.EpicInvalidLoginTest.Setup(EpicInvalidLoginTest.java:21)
at java.base/java.util.ArrayList.forEach(ArrayList.java:1511)
... Removed 25 stack frames]]>
    </failure>
  </testcase> <!-- @BeforeClass Setup -->
  <testcase classname="com.epicLoginTest.EpicInvalidLoginTest" name="@BeforeMethod OpenBrowser" time="0.0">
    <skipped/>
  </testcase> <!-- @BeforeMethod OpenBrowser -->
  <testcase classname="com.epicLoginTest.EpicInvalidLoginTest" name="@AfterMethod CloseBrowser" time="0.0">
    <skipped/>
  </testcase> <!-- @AfterMethod CloseBrowser -->
  <testcase classname="com.epicLoginTest.EpicInvalidLoginTest" name="@AfterClass Cleanup" time="0.0">
    <skipped/>
  </testcase> <!-- @AfterClass Cleanup -->
  <testcase classname="com.epicLoginTest.EpicInvalidLoginTest" name="Login_InValid_Test" time="0.0">
    <skipped/>
  </testcase> <!-- Login_InValid_Test -->
</testsuite> <!-- InvalidTest -->
